<?xml version="1.0" encoding="UTF-8"?>
<!-- Generated by org.testng.reporters.JUnitReportReporter -->
<testsuite hostname="DESKTOP-4F79JC6" failures="0" tests="1" name="testCases.TC01_SearchProduct" time="9.220" errors="0" timestamp="2024-10-16T12:07:12 IST" skipped="0">
  <testcase classname="testCases.TC01_SearchProduct" name="search" time="9.220"/>
  <system-out/>
</testsuite> <!-- testCases.TC01_SearchProduct -->
